mode: atomic
github.com/Zubimendi/solsec/cmd/analyze.go:34.13,45.2 9 0
github.com/Zubimendi/solsec/cmd/analyze.go:47.58,57.22 9 0
github.com/Zubimendi/solsec/cmd/analyze.go:57.22,59.3 1 0
github.com/Zubimendi/solsec/cmd/analyze.go:62.2,62.54 1 0
github.com/Zubimendi/solsec/cmd/analyze.go:62.54,64.3 1 0
github.com/Zubimendi/solsec/cmd/analyze.go:66.2,66.13 1 0
github.com/Zubimendi/solsec/cmd/analyze.go:66.13,68.3 1 0
github.com/Zubimendi/solsec/cmd/analyze.go:70.2,72.16 2 0
github.com/Zubimendi/solsec/cmd/analyze.go:72.16,74.14 1 0
github.com/Zubimendi/solsec/cmd/analyze.go:74.14,76.4 1 0
github.com/Zubimendi/solsec/cmd/analyze.go:77.3,78.17 2 0
github.com/Zubimendi/solsec/cmd/analyze.go:78.17,80.4 1 0
github.com/Zubimendi/solsec/cmd/analyze.go:81.3,81.14 1 0
github.com/Zubimendi/solsec/cmd/analyze.go:81.14,83.4 1 0
github.com/Zubimendi/solsec/cmd/analyze.go:86.3,86.14 1 0
github.com/Zubimendi/solsec/cmd/analyze.go:86.14,88.4 1 0
github.com/Zubimendi/solsec/cmd/analyze.go:89.3,96.17 3 0
github.com/Zubimendi/solsec/cmd/analyze.go:96.17,98.4 1 0
github.com/Zubimendi/solsec/cmd/analyze.go:99.3,99.14 1 0
github.com/Zubimendi/solsec/cmd/analyze.go:99.14,101.4 1 0
github.com/Zubimendi/solsec/cmd/analyze.go:102.3,106.17 3 0
github.com/Zubimendi/solsec/cmd/analyze.go:106.17,108.4 1 0
github.com/Zubimendi/solsec/cmd/analyze.go:112.2,112.13 1 0
github.com/Zubimendi/solsec/cmd/analyze.go:112.13,114.3 1 0
github.com/Zubimendi/solsec/cmd/analyze.go:115.2,116.16 2 0
github.com/Zubimendi/solsec/cmd/analyze.go:116.16,118.3 1 0
github.com/Zubimendi/solsec/cmd/analyze.go:121.2,127.33 5 0
github.com/Zubimendi/solsec/cmd/analyze.go:128.14,129.33 1 0
github.com/Zubimendi/solsec/cmd/analyze.go:130.15,131.34 1 0
github.com/Zubimendi/solsec/cmd/analyze.go:132.10,133.33 1 0
github.com/Zubimendi/solsec/cmd/analyze.go:136.2,136.61 1 0
github.com/Zubimendi/solsec/cmd/analyze.go:136.61,138.3 1 0
github.com/Zubimendi/solsec/cmd/analyze.go:141.2,141.13 1 0
github.com/Zubimendi/solsec/cmd/analyze.go:141.13,154.3 6 0
github.com/Zubimendi/solsec/cmd/analyze.go:157.2,157.22 1 0
github.com/Zubimendi/solsec/cmd/analyze.go:157.22,159.37 2 0
github.com/Zubimendi/solsec/cmd/analyze.go:159.37,160.76 1 0
github.com/Zubimendi/solsec/cmd/analyze.go:160.76,161.15 1 0
github.com/Zubimendi/solsec/cmd/analyze.go:161.15,164.6 1 0
github.com/Zubimendi/solsec/cmd/analyze.go:165.5,165.15 1 0
github.com/Zubimendi/solsec/cmd/analyze.go:170.2,170.12 1 0
github.com/Zubimendi/solsec/cmd/analyze.go:173.34,174.13 1 0
github.com/Zubimendi/solsec/cmd/analyze.go:174.13,176.3 1 0
github.com/Zubimendi/solsec/cmd/analyze.go:177.2,177.56 1 0
github.com/Zubimendi/solsec/cmd/analyze.go:180.79,182.29 2 0
github.com/Zubimendi/solsec/cmd/analyze.go:182.29,183.72 1 0
github.com/Zubimendi/solsec/cmd/analyze.go:183.72,185.4 1 0
github.com/Zubimendi/solsec/cmd/analyze.go:187.2,187.14 1 0
github.com/Zubimendi/solsec/cmd/root.go:35.16,36.42 1 0
github.com/Zubimendi/solsec/cmd/root.go:36.42,39.3 2 0
github.com/Zubimendi/solsec/cmd/root.go:42.13,46.2 3 0
github.com/Zubimendi/solsec/cmd/root.go:48.19,49.19 1 0
github.com/Zubimendi/solsec/cmd/root.go:49.19,51.3 1 0
github.com/Zubimendi/solsec/cmd/root.go:51.8,56.3 4 0
github.com/Zubimendi/solsec/cmd/root.go:57.2,58.26 2 0
github.com/Zubimendi/solsec/cmd/rules.go:11.47,24.27 3 0
github.com/Zubimendi/solsec/cmd/rules.go:24.27,26.4 1 0
github.com/Zubimendi/solsec/cmd/rules.go:27.3,27.109 1 0
github.com/Zubimendi/solsec/cmd/rules.go:31.13,31.45 1 0
github.com/Zubimendi/solsec/cmd/version.go:11.47,13.3 1 0
github.com/Zubimendi/solsec/cmd/version.go:16.13,16.47 1 0
github.com/Zubimendi/solsec/main.go:5.13,7.2 1 0
github.com/Zubimendi/solsec/internal/reporter/html.go:15.38,15.55 1 0
github.com/Zubimendi/solsec/internal/reporter/html.go:17.97,19.51 1 0
github.com/Zubimendi/solsec/internal/reporter/html.go:19.51,20.13 1 0
github.com/Zubimendi/solsec/internal/reporter/html.go:21.33,22.22 1 0
github.com/Zubimendi/solsec/internal/reporter/html.go:23.29,24.18 1 0
github.com/Zubimendi/solsec/internal/reporter/html.go:25.31,26.20 1 0
github.com/Zubimendi/solsec/internal/reporter/html.go:27.28,28.17 1 0
github.com/Zubimendi/solsec/internal/reporter/html.go:29.12,30.18 1 0
github.com/Zubimendi/solsec/internal/reporter/html.go:33.39,34.13 1 0
github.com/Zubimendi/solsec/internal/reporter/html.go:35.13,36.21 1 0
github.com/Zubimendi/solsec/internal/reporter/html.go:37.13,38.21 1 0
github.com/Zubimendi/solsec/internal/reporter/html.go:39.13,40.21 1 0
github.com/Zubimendi/solsec/internal/reporter/html.go:41.18,42.21 1 0
github.com/Zubimendi/solsec/internal/reporter/html.go:43.12,44.14 1 0
github.com/Zubimendi/solsec/internal/reporter/html.go:47.24,49.4 1 0
github.com/Zubimendi/solsec/internal/reporter/html.go:52.36,54.28 2 0
github.com/Zubimendi/solsec/internal/reporter/html.go:54.28,55.14 1 0
github.com/Zubimendi/solsec/internal/reporter/html.go:55.14,57.6 1 0
github.com/Zubimendi/solsec/internal/reporter/html.go:58.5,58.35 1 0
github.com/Zubimendi/solsec/internal/reporter/html.go:60.4,60.17 1 0
github.com/Zubimendi/solsec/internal/reporter/html.go:64.2,64.16 1 0
github.com/Zubimendi/solsec/internal/reporter/html.go:64.16,66.3 1 0
github.com/Zubimendi/solsec/internal/reporter/html.go:68.2,69.16 2 0
github.com/Zubimendi/solsec/internal/reporter/html.go:69.16,71.3 1 0
github.com/Zubimendi/solsec/internal/reporter/html.go:72.2,84.4 2 0
github.com/Zubimendi/solsec/internal/reporter/json.go:14.38,14.55 1 0
github.com/Zubimendi/solsec/internal/reporter/json.go:16.97,30.16 3 0
github.com/Zubimendi/solsec/internal/reporter/json.go:30.16,32.3 1 0
github.com/Zubimendi/solsec/internal/reporter/json.go:34.2,34.61 1 0
github.com/Zubimendi/solsec/internal/reporter/json.go:34.61,36.3 1 0
github.com/Zubimendi/solsec/internal/reporter/json.go:38.2,38.12 1 0
github.com/Zubimendi/solsec/internal/reporter/sarif.go:72.39,72.57 1 0
github.com/Zubimendi/solsec/internal/reporter/sarif.go:74.98,77.36 2 0
github.com/Zubimendi/solsec/internal/reporter/sarif.go:77.36,78.45 1 0
github.com/Zubimendi/solsec/internal/reporter/sarif.go:78.45,83.28 1 0
github.com/Zubimendi/solsec/internal/reporter/sarif.go:83.28,84.31 1 0
github.com/Zubimendi/solsec/internal/reporter/sarif.go:84.31,86.7 1 0
github.com/Zubimendi/solsec/internal/reporter/sarif.go:87.6,87.15 1 0
github.com/Zubimendi/solsec/internal/reporter/sarif.go:93.2,94.28 2 0
github.com/Zubimendi/solsec/internal/reporter/sarif.go:94.28,96.3 1 0
github.com/Zubimendi/solsec/internal/reporter/sarif.go:99.2,100.36 2 0
github.com/Zubimendi/solsec/internal/reporter/sarif.go:100.36,102.23 2 0
github.com/Zubimendi/solsec/internal/reporter/sarif.go:102.23,104.4 1 0
github.com/Zubimendi/solsec/internal/reporter/sarif.go:106.3,120.5 1 0
github.com/Zubimendi/solsec/internal/reporter/sarif.go:123.2,141.16 3 0
github.com/Zubimendi/solsec/internal/reporter/sarif.go:141.16,143.3 1 0
github.com/Zubimendi/solsec/internal/reporter/sarif.go:145.2,145.45 1 0
github.com/Zubimendi/solsec/internal/reporter/sarif.go:148.53,149.11 1 0
github.com/Zubimendi/solsec/internal/reporter/sarif.go:150.52,151.17 1 0
github.com/Zubimendi/solsec/internal/reporter/sarif.go:152.29,153.19 1 0
github.com/Zubimendi/solsec/internal/reporter/sarif.go:154.10,155.16 1 0
github.com/Zubimendi/solsec/internal/scorer/scorer.go:14.47,21.17 6 0
github.com/Zubimendi/solsec/internal/scorer/scorer.go:21.17,23.3 1 0
github.com/Zubimendi/solsec/internal/scorer/scorer.go:24.2,24.14 1 0
github.com/Zubimendi/solsec/internal/scorer/scorer.go:34.30,35.9 1 0
github.com/Zubimendi/solsec/internal/scorer/scorer.go:36.18,37.13 1 0
github.com/Zubimendi/solsec/internal/scorer/scorer.go:38.18,39.13 1 0
github.com/Zubimendi/solsec/internal/scorer/scorer.go:40.18,41.13 1 0
github.com/Zubimendi/solsec/internal/scorer/scorer.go:42.18,43.13 1 0
github.com/Zubimendi/solsec/internal/scorer/scorer.go:44.10,45.13 1 0
github.com/Zubimendi/solsec/internal/scorer/scorer.go:50.32,51.22 1 0
github.com/Zubimendi/solsec/internal/scorer/scorer.go:52.11,53.60 1 0
github.com/Zubimendi/solsec/internal/scorer/scorer.go:54.11,55.74 1 0
github.com/Zubimendi/solsec/internal/scorer/scorer.go:56.11,57.75 1 0
github.com/Zubimendi/solsec/internal/scorer/scorer.go:58.11,59.84 1 0
github.com/Zubimendi/solsec/internal/scorer/scorer.go:60.10,61.67 1 0
github.com/Zubimendi/solsec/internal/runner/detector.go:19.48,23.53 2 0
github.com/Zubimendi/solsec/internal/runner/detector.go:23.53,25.17 2 0
github.com/Zubimendi/solsec/internal/runner/detector.go:25.17,26.12 1 0
github.com/Zubimendi/solsec/internal/runner/detector.go:28.3,29.17 2 0
github.com/Zubimendi/solsec/internal/runner/detector.go:29.17,30.12 1 0
github.com/Zubimendi/solsec/internal/runner/detector.go:32.3,34.46 2 0
github.com/Zubimendi/solsec/internal/runner/detector.go:34.46,37.9 3 0
github.com/Zubimendi/solsec/internal/runner/detector.go:41.2,41.26 1 0
github.com/Zubimendi/solsec/internal/runner/detector.go:41.26,49.3 1 0
github.com/Zubimendi/solsec/internal/runner/detector.go:52.2,53.16 2 0
github.com/Zubimendi/solsec/internal/runner/detector.go:53.16,61.3 1 0
github.com/Zubimendi/solsec/internal/runner/detector.go:63.2,64.16 2 0
github.com/Zubimendi/solsec/internal/runner/detector.go:64.16,66.3 1 0
github.com/Zubimendi/solsec/internal/runner/detector.go:67.2,69.17 2 0
github.com/Zubimendi/solsec/internal/runner/runner.go:45.59,46.23 1 0
github.com/Zubimendi/solsec/internal/runner/runner.go:46.23,48.3 1 0
github.com/Zubimendi/solsec/internal/runner/runner.go:51.2,52.22 2 0
github.com/Zubimendi/solsec/internal/runner/runner.go:52.22,54.17 2 0
github.com/Zubimendi/solsec/internal/runner/runner.go:54.17,56.4 1 0
github.com/Zubimendi/solsec/internal/runner/runner.go:57.3,58.26 2 0
github.com/Zubimendi/solsec/internal/runner/runner.go:62.2,62.68 1 0
github.com/Zubimendi/solsec/internal/runner/runner.go:62.68,64.3 1 0
github.com/Zubimendi/solsec/internal/runner/runner.go:68.2,75.36 2 0
github.com/Zubimendi/solsec/internal/runner/runner.go:75.36,76.43 1 0
github.com/Zubimendi/solsec/internal/runner/runner.go:76.43,78.4 1 0
github.com/Zubimendi/solsec/internal/runner/runner.go:81.2,81.28 1 0
github.com/Zubimendi/solsec/internal/runner/runner.go:81.28,83.3 1 0
github.com/Zubimendi/solsec/internal/runner/runner.go:85.2,101.55 10 0
github.com/Zubimendi/solsec/internal/runner/runner.go:101.55,106.3 1 0
github.com/Zubimendi/solsec/internal/runner/runner.go:108.2,113.8 1 0
github.com/Zubimendi/solsec/internal/runner/runner.go:117.42,119.24 2 0
github.com/Zubimendi/solsec/internal/runner/runner.go:119.24,121.3 1 0
github.com/Zubimendi/solsec/internal/runner/runner.go:122.2,122.16 1 0
github.com/Zubimendi/solsec/internal/runner/runner.go:122.16,124.3 1 0
github.com/Zubimendi/solsec/internal/runner/runner.go:126.2,126.18 1 0
github.com/Zubimendi/solsec/internal/runner/runner.go:126.18,129.3 1 0
github.com/Zubimendi/solsec/internal/runner/runner.go:131.2,131.36 1 0
github.com/Zubimendi/solsec/internal/runner/runner.go:131.36,133.3 1 0
github.com/Zubimendi/solsec/internal/runner/runner.go:135.2,135.12 1 0
github.com/Zubimendi/solsec/internal/runner/runner.go:140.36,142.16 2 0
github.com/Zubimendi/solsec/internal/runner/runner.go:142.16,144.3 1 0
github.com/Zubimendi/solsec/internal/runner/runner.go:145.2,145.25 1 0
github.com/Zubimendi/solsec/internal/analyzer/analyzer.go:14.95,29.33 5 1
github.com/Zubimendi/solsec/internal/analyzer/analyzer.go:29.33,31.17 2 3
github.com/Zubimendi/solsec/internal/analyzer/analyzer.go:31.17,34.12 2 0
github.com/Zubimendi/solsec/internal/analyzer/analyzer.go:36.3,36.49 1 3
github.com/Zubimendi/solsec/internal/analyzer/analyzer.go:41.2,44.46 2 1
github.com/Zubimendi/solsec/internal/analyzer/analyzer.go:44.46,47.15 3 1
github.com/Zubimendi/solsec/internal/analyzer/analyzer.go:47.15,49.4 1 1
github.com/Zubimendi/solsec/internal/analyzer/analyzer.go:50.3,50.51 1 0
github.com/Zubimendi/solsec/internal/analyzer/analyzer.go:53.2,60.20 2 1
github.com/Zubimendi/solsec/internal/analyzer/analyzer.go:63.61,65.29 2 1
github.com/Zubimendi/solsec/internal/analyzer/analyzer.go:65.29,66.21 1 2
github.com/Zubimendi/solsec/internal/analyzer/analyzer.go:67.32,68.16 1 1
github.com/Zubimendi/solsec/internal/analyzer/analyzer.go:69.28,70.12 1 0
github.com/Zubimendi/solsec/internal/analyzer/analyzer.go:71.30,72.14 1 0
github.com/Zubimendi/solsec/internal/analyzer/analyzer.go:73.27,74.11 1 1
github.com/Zubimendi/solsec/internal/analyzer/analyzer.go:75.37,76.21 1 0
github.com/Zubimendi/solsec/internal/analyzer/analyzer.go:77.36,78.20 1 0
github.com/Zubimendi/solsec/internal/analyzer/analyzer.go:81.2,81.10 1 1
github.com/Zubimendi/solsec/internal/analyzer/analyzer.go:85.62,89.29 3 1
github.com/Zubimendi/solsec/internal/analyzer/analyzer.go:89.29,92.23 2 2
github.com/Zubimendi/solsec/internal/analyzer/analyzer.go:92.23,94.4 1 2
github.com/Zubimendi/solsec/internal/analyzer/analyzer.go:97.3,97.16 1 2
github.com/Zubimendi/solsec/internal/analyzer/analyzer.go:97.16,98.12 1 0
github.com/Zubimendi/solsec/internal/analyzer/analyzer.go:100.3,101.29 2 2
github.com/Zubimendi/solsec/internal/analyzer/analyzer.go:104.2,104.15 1 1
github.com/Zubimendi/solsec/internal/analyzer/checks/access_control.go:14.66,16.16 2 1
github.com/Zubimendi/solsec/internal/analyzer/checks/access_control.go:16.16,18.3 1 0
github.com/Zubimendi/solsec/internal/analyzer/checks/access_control.go:20.2,21.29 2 1
github.com/Zubimendi/solsec/internal/analyzer/checks/access_control.go:21.29,23.17 2 1
github.com/Zubimendi/solsec/internal/analyzer/checks/access_control.go:23.17,25.4 1 0
github.com/Zubimendi/solsec/internal/analyzer/checks/access_control.go:26.3,26.47 1 1
github.com/Zubimendi/solsec/internal/analyzer/checks/access_control.go:28.2,28.22 1 1
github.com/Zubimendi/solsec/internal/analyzer/checks/access_control.go:62.70,64.16 2 1
github.com/Zubimendi/solsec/internal/analyzer/checks/access_control.go:64.16,66.3 1 0
github.com/Zubimendi/solsec/internal/analyzer/checks/access_control.go:67.2,73.21 5 1
github.com/Zubimendi/solsec/internal/analyzer/checks/access_control.go:73.21,79.74 4 14
github.com/Zubimendi/solsec/internal/analyzer/checks/access_control.go:79.74,80.12 1 3
github.com/Zubimendi/solsec/internal/analyzer/checks/access_control.go:84.3,84.46 1 11
github.com/Zubimendi/solsec/internal/analyzer/checks/access_control.go:84.46,85.12 1 8
github.com/Zubimendi/solsec/internal/analyzer/checks/access_control.go:89.3,89.40 1 3
github.com/Zubimendi/solsec/internal/analyzer/checks/access_control.go:89.40,90.51 1 30
github.com/Zubimendi/solsec/internal/analyzer/checks/access_control.go:90.51,91.13 1 28
github.com/Zubimendi/solsec/internal/analyzer/checks/access_control.go:96.4,96.34 1 2
github.com/Zubimendi/solsec/internal/analyzer/checks/access_control.go:96.34,97.13 1 1
github.com/Zubimendi/solsec/internal/analyzer/checks/access_control.go:101.4,101.89 1 1
github.com/Zubimendi/solsec/internal/analyzer/checks/access_control.go:101.89,102.13 1 0
github.com/Zubimendi/solsec/internal/analyzer/checks/access_control.go:105.4,128.6 1 1
github.com/Zubimendi/solsec/internal/analyzer/checks/access_control.go:132.2,132.32 1 1
github.com/Zubimendi/solsec/internal/analyzer/checks/access_control.go:135.55,139.13 3 30
github.com/Zubimendi/solsec/internal/analyzer/checks/access_control.go:139.13,141.3 1 28
github.com/Zubimendi/solsec/internal/analyzer/checks/access_control.go:143.2,145.57 2 2
github.com/Zubimendi/solsec/internal/analyzer/checks/access_control.go:148.42,150.38 2 2
github.com/Zubimendi/solsec/internal/analyzer/checks/access_control.go:150.38,151.52 1 10
github.com/Zubimendi/solsec/internal/analyzer/checks/access_control.go:151.52,153.4 1 1
github.com/Zubimendi/solsec/internal/analyzer/checks/access_control.go:155.2,155.14 1 1
github.com/Zubimendi/solsec/internal/analyzer/checks/helpers.go:10.53,12.16 2 5
github.com/Zubimendi/solsec/internal/analyzer/checks/helpers.go:12.16,14.3 1 0
github.com/Zubimendi/solsec/internal/analyzer/checks/helpers.go:16.2,16.19 1 5
github.com/Zubimendi/solsec/internal/analyzer/checks/helpers.go:16.19,18.3 1 5
github.com/Zubimendi/solsec/internal/analyzer/checks/helpers.go:20.2,21.81 2 0
github.com/Zubimendi/solsec/internal/analyzer/checks/helpers.go:21.81,22.17 1 0
github.com/Zubimendi/solsec/internal/analyzer/checks/helpers.go:22.17,24.4 1 0
github.com/Zubimendi/solsec/internal/analyzer/checks/helpers.go:25.3,25.50 1 0
github.com/Zubimendi/solsec/internal/analyzer/checks/helpers.go:25.50,27.4 1 0
github.com/Zubimendi/solsec/internal/analyzer/checks/helpers.go:28.3,28.13 1 0
github.com/Zubimendi/solsec/internal/analyzer/checks/helpers.go:30.2,30.19 1 0
github.com/Zubimendi/solsec/internal/analyzer/checks/integer_overflow.go:14.68,16.16 2 2
github.com/Zubimendi/solsec/internal/analyzer/checks/integer_overflow.go:16.16,18.3 1 0
github.com/Zubimendi/solsec/internal/analyzer/checks/integer_overflow.go:20.2,21.29 2 2
github.com/Zubimendi/solsec/internal/analyzer/checks/integer_overflow.go:21.29,23.17 2 2
github.com/Zubimendi/solsec/internal/analyzer/checks/integer_overflow.go:23.17,25.4 1 0
github.com/Zubimendi/solsec/internal/analyzer/checks/integer_overflow.go:26.3,26.47 1 2
github.com/Zubimendi/solsec/internal/analyzer/checks/integer_overflow.go:28.2,28.22 1 2
github.com/Zubimendi/solsec/internal/analyzer/checks/integer_overflow.go:31.72,33.16 2 2
github.com/Zubimendi/solsec/internal/analyzer/checks/integer_overflow.go:33.16,35.3 1 0
github.com/Zubimendi/solsec/internal/analyzer/checks/integer_overflow.go:36.2,48.21 4 2
github.com/Zubimendi/solsec/internal/analyzer/checks/integer_overflow.go:48.21,54.52 4 18
github.com/Zubimendi/solsec/internal/analyzer/checks/integer_overflow.go:54.52,56.4 1 2
github.com/Zubimendi/solsec/internal/analyzer/checks/integer_overflow.go:59.3,59.58 1 18
github.com/Zubimendi/solsec/internal/analyzer/checks/integer_overflow.go:59.58,62.4 2 1
github.com/Zubimendi/solsec/internal/analyzer/checks/integer_overflow.go:63.3,63.36 1 18
github.com/Zubimendi/solsec/internal/analyzer/checks/integer_overflow.go:63.36,65.4 1 1
github.com/Zubimendi/solsec/internal/analyzer/checks/integer_overflow.go:68.3,68.46 1 18
github.com/Zubimendi/solsec/internal/analyzer/checks/integer_overflow.go:68.46,69.114 1 9
github.com/Zubimendi/solsec/internal/analyzer/checks/integer_overflow.go:69.114,92.5 1 1
github.com/Zubimendi/solsec/internal/analyzer/checks/integer_overflow.go:96.3,96.62 1 18
github.com/Zubimendi/solsec/internal/analyzer/checks/integer_overflow.go:96.62,97.72 1 2
github.com/Zubimendi/solsec/internal/analyzer/checks/integer_overflow.go:97.72,119.5 1 1
github.com/Zubimendi/solsec/internal/analyzer/checks/integer_overflow.go:123.2,123.32 1 2
github.com/Zubimendi/solsec/internal/analyzer/checks/integer_overflow.go:126.43,128.25 2 11
github.com/Zubimendi/solsec/internal/analyzer/checks/integer_overflow.go:128.25,129.33 1 102
github.com/Zubimendi/solsec/internal/analyzer/checks/integer_overflow.go:129.33,131.4 1 2
github.com/Zubimendi/solsec/internal/analyzer/checks/integer_overflow.go:133.2,133.14 1 9
github.com/Zubimendi/solsec/internal/analyzer/checks/integer_overflow.go:136.63,138.46 1 2
github.com/Zubimendi/solsec/internal/analyzer/checks/integer_overflow.go:138.46,142.22 4 6
github.com/Zubimendi/solsec/internal/analyzer/checks/integer_overflow.go:142.22,145.31 3 2
github.com/Zubimendi/solsec/internal/analyzer/checks/integer_overflow.go:145.31,147.5 1 2
github.com/Zubimendi/solsec/internal/analyzer/checks/integer_overflow.go:150.2,150.13 1 0
github.com/Zubimendi/solsec/internal/analyzer/checks/reentrancy.go:17.63,19.16 2 2
github.com/Zubimendi/solsec/internal/analyzer/checks/reentrancy.go:19.16,21.3 1 0
github.com/Zubimendi/solsec/internal/analyzer/checks/reentrancy.go:23.2,24.29 2 2
github.com/Zubimendi/solsec/internal/analyzer/checks/reentrancy.go:24.29,26.17 2 2
github.com/Zubimendi/solsec/internal/analyzer/checks/reentrancy.go:26.17,28.4 1 0
github.com/Zubimendi/solsec/internal/analyzer/checks/reentrancy.go:29.3,29.47 1 2
github.com/Zubimendi/solsec/internal/analyzer/checks/reentrancy.go:31.2,31.22 1 2
github.com/Zubimendi/solsec/internal/analyzer/checks/reentrancy.go:34.67,36.16 2 2
github.com/Zubimendi/solsec/internal/analyzer/checks/reentrancy.go:36.16,38.3 1 0
github.com/Zubimendi/solsec/internal/analyzer/checks/reentrancy.go:39.2,70.21 6 2
github.com/Zubimendi/solsec/internal/analyzer/checks/reentrancy.go:70.21,77.79 5 35
github.com/Zubimendi/solsec/internal/analyzer/checks/reentrancy.go:77.79,82.4 4 2
github.com/Zubimendi/solsec/internal/analyzer/checks/reentrancy.go:84.3,84.18 1 35
github.com/Zubimendi/solsec/internal/analyzer/checks/reentrancy.go:84.18,85.12 1 20
github.com/Zubimendi/solsec/internal/analyzer/checks/reentrancy.go:89.3,91.39 1 15
github.com/Zubimendi/solsec/internal/analyzer/checks/reentrancy.go:91.39,93.4 1 1
github.com/Zubimendi/solsec/internal/analyzer/checks/reentrancy.go:96.3,96.48 1 15
github.com/Zubimendi/solsec/internal/analyzer/checks/reentrancy.go:96.48,97.79 1 75
github.com/Zubimendi/solsec/internal/analyzer/checks/reentrancy.go:97.79,100.5 2 2
github.com/Zubimendi/solsec/internal/analyzer/checks/reentrancy.go:104.3,104.35 1 15
github.com/Zubimendi/solsec/internal/analyzer/checks/reentrancy.go:104.35,105.48 1 5
github.com/Zubimendi/solsec/internal/analyzer/checks/reentrancy.go:105.48,106.80 1 21
github.com/Zubimendi/solsec/internal/analyzer/checks/reentrancy.go:106.80,129.11 2 1
github.com/Zubimendi/solsec/internal/analyzer/checks/reentrancy.go:135.3,135.21 1 15
github.com/Zubimendi/solsec/internal/analyzer/checks/reentrancy.go:135.21,138.4 2 2
github.com/Zubimendi/solsec/internal/analyzer/checks/reentrancy.go:141.2,141.32 1 2
github.com/Zubimendi/solsec/internal/analyzer/checks/reentrancy.go:144.46,149.13 4 5
github.com/Zubimendi/solsec/internal/analyzer/checks/reentrancy.go:149.13,151.3 1 0
github.com/Zubimendi/solsec/internal/analyzer/checks/reentrancy.go:152.2,152.19 1 5
github.com/Zubimendi/solsec/internal/parser/models.go:83.35,84.11 1 6
github.com/Zubimendi/solsec/internal/parser/models.go:85.24,86.11 1 1
github.com/Zubimendi/solsec/internal/parser/models.go:87.20,88.11 1 2
github.com/Zubimendi/solsec/internal/parser/models.go:89.22,90.11 1 2
github.com/Zubimendi/solsec/internal/parser/models.go:91.19,92.11 1 1
github.com/Zubimendi/solsec/internal/parser/models.go:93.29,94.11 1 0
github.com/Zubimendi/solsec/internal/parser/models.go:95.28,96.11 1 0
github.com/Zubimendi/solsec/internal/parser/models.go:97.10,98.11 1 0
github.com/Zubimendi/solsec/internal/parser/parser.go:51.55,53.16 2 0
github.com/Zubimendi/solsec/internal/parser/parser.go:53.16,55.3 1 0
github.com/Zubimendi/solsec/internal/parser/parser.go:56.2,56.25 1 0
github.com/Zubimendi/solsec/internal/parser/parser.go:60.49,62.54 2 8
github.com/Zubimendi/solsec/internal/parser/parser.go:62.54,64.3 1 0
github.com/Zubimendi/solsec/internal/parser/parser.go:66.2,66.21 1 8
github.com/Zubimendi/solsec/internal/parser/parser.go:66.21,68.26 2 1
github.com/Zubimendi/solsec/internal/parser/parser.go:68.26,70.4 1 1
github.com/Zubimendi/solsec/internal/parser/parser.go:71.3,71.64 1 1
github.com/Zubimendi/solsec/internal/parser/parser.go:74.2,75.45 2 7
github.com/Zubimendi/solsec/internal/parser/parser.go:75.45,90.26 2 12
github.com/Zubimendi/solsec/internal/parser/parser.go:90.26,94.4 3 12
github.com/Zubimendi/solsec/internal/parser/parser.go:96.3,96.33 1 12
github.com/Zubimendi/solsec/internal/parser/parser.go:99.2,99.22 1 7
github.com/Zubimendi/solsec/internal/parser/parser.go:103.40,104.33 1 12
github.com/Zubimendi/solsec/internal/parser/parser.go:105.18,106.26 1 0
github.com/Zubimendi/solsec/internal/parser/parser.go:107.14,108.22 1 6
github.com/Zubimendi/solsec/internal/parser/parser.go:109.16,110.24 1 6
github.com/Zubimendi/solsec/internal/parser/parser.go:111.13,112.21 1 0
github.com/Zubimendi/solsec/internal/parser/parser.go:113.23,114.31 1 0
github.com/Zubimendi/solsec/internal/parser/parser.go:115.22,116.30 1 0
github.com/Zubimendi/solsec/internal/parser/parser.go:117.10,118.31 1 0
github.com/Zubimendi/solsec/internal/parser/parser.go:123.39,126.26 3 12
github.com/Zubimendi/solsec/internal/parser/parser.go:126.26,128.3 1 24
github.com/Zubimendi/solsec/internal/parser/parser.go:129.2,129.33 1 12
github.com/Zubimendi/solsec/internal/parser/parser.go:132.42,133.38 1 12
github.com/Zubimendi/solsec/internal/parser/parser.go:133.38,135.3 1 12
github.com/Zubimendi/solsec/internal/parser/parser.go:136.2,136.92 1 0
github.com/Zubimendi/solsec/internal/parser/parser.go:139.43,143.35 2 12
github.com/Zubimendi/solsec/internal/parser/parser.go:143.35,145.3 1 12
github.com/Zubimendi/solsec/internal/parser/parser.go:146.2,146.13 1 12
